mode: set
github.com/samverrall/rover-test/main.go:9.13,23.16 3 1
github.com/samverrall/rover-test/main.go:28.2,28.42 1 1
github.com/samverrall/rover-test/main.go:23.16,26.3 2 0
github.com/samverrall/rover-test/main.go:28.42,30.3 1 1
github.com/samverrall/rover-test/coordinates/coordinates.go:23.36,28.2 1 0
github.com/samverrall/rover-test/coordinates/coordinates.go:31.97,32.9 1 1
github.com/samverrall/rover-test/coordinates/coordinates.go:33.76,37.4 1 1
github.com/samverrall/rover-test/coordinates/coordinates.go:38.61,42.4 1 1
github.com/samverrall/rover-test/coordinates/coordinates.go:43.60,47.4 1 1
github.com/samverrall/rover-test/coordinates/coordinates.go:48.74,52.4 1 1
github.com/samverrall/rover-test/coordinates/coordinates.go:53.10,54.11 1 1
github.com/samverrall/rover-test/coordinates/coordinates.go:58.33,60.2 1 0
github.com/samverrall/rover-test/coordinates/coordinates.go:62.33,64.2 1 0
github.com/samverrall/rover-test/parser/parser.go:34.43,35.33 1 1
github.com/samverrall/rover-test/parser/parser.go:39.2,44.16 4 1
github.com/samverrall/rover-test/parser/parser.go:47.2,51.16 3 1
github.com/samverrall/rover-test/parser/parser.go:55.2,57.24 2 1
github.com/samverrall/rover-test/parser/parser.go:35.33,37.3 1 1
github.com/samverrall/rover-test/parser/parser.go:44.16,46.3 1 1
github.com/samverrall/rover-test/parser/parser.go:51.16,53.3 1 1
github.com/samverrall/rover-test/parser/parser.go:60.104,64.30 3 1
github.com/samverrall/rover-test/parser/parser.go:68.2,68.46 1 1
github.com/samverrall/rover-test/parser/parser.go:99.2,99.17 1 1
github.com/samverrall/rover-test/parser/parser.go:64.30,66.3 1 1
github.com/samverrall/rover-test/parser/parser.go:68.46,70.53 2 1
github.com/samverrall/rover-test/parser/parser.go:74.3,75.17 2 1
github.com/samverrall/rover-test/parser/parser.go:79.3,86.17 2 1
github.com/samverrall/rover-test/parser/parser.go:90.3,92.70 3 1
github.com/samverrall/rover-test/parser/parser.go:96.3,96.27 1 1
github.com/samverrall/rover-test/parser/parser.go:70.53,72.4 1 0
github.com/samverrall/rover-test/parser/parser.go:75.17,77.4 1 1
github.com/samverrall/rover-test/parser/parser.go:86.17,88.4 1 1
github.com/samverrall/rover-test/parser/parser.go:92.70,94.4 1 1
github.com/samverrall/rover-test/parser/parser.go:102.79,103.29 1 1
github.com/samverrall/rover-test/parser/parser.go:107.2,110.63 3 1
github.com/samverrall/rover-test/parser/parser.go:114.2,117.16 3 1
github.com/samverrall/rover-test/parser/parser.go:121.2,122.16 2 1
github.com/samverrall/rover-test/parser/parser.go:126.2,130.8 1 1
github.com/samverrall/rover-test/parser/parser.go:103.29,105.3 1 0
github.com/samverrall/rover-test/parser/parser.go:110.63,112.3 1 1
github.com/samverrall/rover-test/parser/parser.go:117.16,119.3 1 0
github.com/samverrall/rover-test/parser/parser.go:122.16,124.3 1 1
github.com/samverrall/rover-test/parser/parser.go:133.61,136.49 2 1
github.com/samverrall/rover-test/parser/parser.go:141.2,142.16 2 1
github.com/samverrall/rover-test/parser/parser.go:146.2,147.16 2 1
github.com/samverrall/rover-test/parser/parser.go:151.2,151.31 1 1
github.com/samverrall/rover-test/parser/parser.go:155.2,155.27 1 1
github.com/samverrall/rover-test/parser/parser.go:136.49,138.3 1 1
github.com/samverrall/rover-test/parser/parser.go:142.16,144.3 1 1
github.com/samverrall/rover-test/parser/parser.go:147.16,149.3 1 0
github.com/samverrall/rover-test/parser/parser.go:151.31,153.3 1 1
github.com/samverrall/rover-test/parser/parser.go:159.38,162.16 3 1
github.com/samverrall/rover-test/parser/parser.go:166.2,167.40 2 1
github.com/samverrall/rover-test/parser/parser.go:177.2,177.23 1 1
github.com/samverrall/rover-test/parser/parser.go:162.16,164.3 1 1
github.com/samverrall/rover-test/parser/parser.go:167.40,169.42 2 1
github.com/samverrall/rover-test/parser/parser.go:173.3,174.54 2 1
github.com/samverrall/rover-test/parser/parser.go:169.42,170.12 1 1
github.com/samverrall/rover-test/vehicle/rover/rover.go:29.42,31.16 2 1
github.com/samverrall/rover-test/vehicle/rover/rover.go:35.2,39.8 1 1
github.com/samverrall/rover-test/vehicle/rover/rover.go:31.16,33.3 1 1
github.com/samverrall/rover-test/vehicle/rover/rover.go:42.35,44.2 1 1
github.com/samverrall/rover-test/vehicle/rover/rover.go:48.72,49.39 1 1
github.com/samverrall/rover-test/vehicle/rover/rover.go:54.2,54.35 1 1
github.com/samverrall/rover-test/vehicle/rover/rover.go:67.2,67.12 1 1
github.com/samverrall/rover-test/vehicle/rover/rover.go:49.39,51.3 1 1
github.com/samverrall/rover-test/vehicle/rover/rover.go:54.35,55.18 1 1
github.com/samverrall/rover-test/vehicle/rover/rover.go:56.14,57.37 1 1
github.com/samverrall/rover-test/vehicle/rover/rover.go:58.13,59.36 1 1
github.com/samverrall/rover-test/vehicle/rover/rover.go:60.13,61.55 1 1
github.com/samverrall/rover-test/vehicle/rover/rover.go:62.11,63.62 1 1
